<?xml version="1.0" encoding="UTF-8"?>
<!-- Generated by org.testng.reporters.JUnitReportReporter -->
<testsuite skipped="0" hostname="DESKTOP-1AV732R" name="com.zurustore.qa.testdata.LoginPageTest" tests="2" failures="0" timestamp="20 Jun 2019 11:53:41 GMT" time="12.319" errors="0">
  <testcase name="loginPageTitileTest" time="5.956" classname="com.zurustore.qa.testdata.LoginPageTest"/>
  <testcase name="loginTest" time="6.363" classname="com.zurustore.qa.testdata.LoginPageTest"/>
</testsuite> <!-- com.zurustore.qa.testdata.LoginPageTest -->
