<?xml version="1.0" encoding="UTF-8"?>
<!-- Generated by org.testng.reporters.JUnitReportReporter -->
<testsuite skipped="0" hostname="DESKTOP-1AV732R" name="com.zurustore.qa.testcases.UploadProjectPageTest" tests="1" failures="0" timestamp="24 Jun 2019 11:59:05 GMT" time="27.423" errors="0">
  <testcase name="VerifyUploadProjectTextTest" time="27.423" classname="com.zurustore.qa.testcases.UploadProjectPageTest"/>
</testsuite> <!-- com.zurustore.qa.testcases.UploadProjectPageTest -->
